[   30983ms] TypeError: Cannot read properties of undefined (reading 'baseVal')
    at t6 (https://vlogmap.world/_next/static/chunks/2781e3bdfdd9f453.js:1:19631)
    at t5 (https://vlogmap.world/_next/static/chunks/2781e3bdfdd9f453.js:1:19131)
    at t9 (https://vlogmap.world/_next/static/chunks/2781e3bdfdd9f453.js:1:19304)
    at i._onMove (https://vlogmap.world/_next/static/chunks/2781e3bdfdd9f453.js:1:60975)
    at HTMLDocument.s (https://vlogmap.world/_next/static/chunks/2781e3bdfdd9f453.js:1:21995)
    at eval (eval at <anonymous> (eval at evaluate (:303:30)), <anonymous>:1:294)
    at eval (eval at evaluate (:303:30), <anonymous>:4:50)
    at UtilityScript.evaluate (<anonymous>:305:16)
    at UtilityScript.<anonymous> (<anonymous>:1:44)
[   30984ms] TypeError: Cannot read properties of undefined (reading 'baseVal')
    at t6 (https://vlogmap.world/_next/static/chunks/2781e3bdfdd9f453.js:1:19631)
    at t7 (https://vlogmap.world/_next/static/chunks/2781e3bdfdd9f453.js:1:19419)
    at i.finishDrag (https://vlogmap.world/_next/static/chunks/2781e3bdfdd9f453.js:1:61385)
    at i._onUp (https://vlogmap.world/_next/static/chunks/2781e3bdfdd9f453.js:1:61292)
    at HTMLDocument.s (https://vlogmap.world/_next/static/chunks/2781e3bdfdd9f453.js:1:21995)
    at eval (eval at <anonymous> (eval at evaluate (:303:30)), <anonymous>:1:396)
    at eval (eval at evaluate (:303:30), <anonymous>:4:50)
    at UtilityScript.evaluate (<anonymous>:305:16)
    at UtilityScript.<anonymous> (<anonymous>:1:44)
