[     431ms] [INFO] %cDownload the React DevTools for a better development experience: https://react.dev/link/react-devtools font-weight:bold @ http://localhost:3000/_next/static/chunks/02e2d_next_dist_992f663f._.js:2287
[     719ms] [LOG] [HMR] connected @ http://localhost:3000/_next/static/chunks/02e2d_next_dist_992f663f._.js:2287
[    1055ms] [LOG] [Fast Refresh] rebuilding @ http://localhost:3000/_next/static/chunks/02e2d_next_dist_992f663f._.js:2287
[    1064ms] [LOG] [Fast Refresh] done in 120ms @ http://localhost:3000/_next/static/chunks/02e2d_next_dist_992f663f._.js:2287
[    2531ms] [LOG] %c[Vercel Web Analytics]%c Debug mode is enabled by default in development. No requests will be sent to the server. color: rgb(120, 120, 120) color: inherit @ http://localhost:3000/_next/static/chunks/02e2d_next_dist_992f663f._.js:2287
[    2533ms] [LOG] %c[Vercel Web Analytics]%c Running queued event color: rgb(120, 120, 120) color: inherit pageview {route: /, path: /} @ http://localhost:3000/_next/static/chunks/02e2d_next_dist_992f663f._.js:2287
[    2535ms] [LOG] %c[Vercel Web Analytics]%c [view] http://localhost:3000/ color: rgb(120, 120, 120) color: inherit {o: http://localhost:3000/, sv: 0.1.3, sdkn: @vercel/analytics/next, sdkv: 1.6.1, ts: 1781798049881} /_vercel/insights/view @ http://localhost:3000/_next/static/chunks/02e2d_next_dist_992f663f._.js:2287
[    2541ms] [LOG] %c[Vercel Speed Insights]%c Debug mode is enabled by default in development. No requests will be sent to the server. color: rgb(120, 120, 120) color: inherit @ http://localhost:3000/_next/static/chunks/02e2d_next_dist_992f663f._.js:2287
[   59611ms] [ERROR] WebSocket connection to 'ws://localhost:3000/_next/webpack-hmr?id=uznBj8_6R-qZ57shKEOPq' failed: Error in connection establishment: net::ERR_CONNECTION_REFUSED @ http://localhost:3000/_next/static/chunks/02e2d_next_dist_client_c8461bdc._.js:10116
[   62963ms] [ERROR] WebSocket connection to 'ws://localhost:3000/_next/webpack-hmr?id=uznBj8_6R-qZ57shKEOPq' failed: Error in connection establishment: net::ERR_CONNECTION_REFUSED @ http://localhost:3000/_next/static/chunks/02e2d_next_dist_client_c8461bdc._.js:10116
[   63488ms] [ERROR] Failed to load resource: net::ERR_CONNECTION_REFUSED @ http://localhost:3000/api/markers/map:0
[   66308ms] [ERROR] WebSocket connection to 'ws://localhost:3000/_next/webpack-hmr?id=uznBj8_6R-qZ57shKEOPq' failed: Error in connection establishment: net::ERR_CONNECTION_REFUSED @ http://localhost:3000/_next/static/chunks/02e2d_next_dist_client_c8461bdc._.js:10116
[   69671ms] [ERROR] WebSocket connection to 'ws://localhost:3000/_next/webpack-hmr?id=uznBj8_6R-qZ57shKEOPq' failed: Error in connection establishment: net::ERR_CONNECTION_REFUSED @ http://localhost:3000/_next/static/chunks/02e2d_next_dist_client_c8461bdc._.js:10116
[   73036ms] [ERROR] WebSocket connection to 'ws://localhost:3000/_next/webpack-hmr?id=uznBj8_6R-qZ57shKEOPq' failed: Error in connection establishment: net::ERR_CONNECTION_REFUSED @ http://localhost:3000/_next/static/chunks/02e2d_next_dist_client_c8461bdc._.js:10116
[   80381ms] [ERROR] WebSocket connection to 'ws://localhost:3000/_next/webpack-hmr?id=uznBj8_6R-qZ57shKEOPq' failed: Error in connection establishment: net::ERR_CONNECTION_REFUSED @ http://localhost:3000/_next/static/chunks/02e2d_next_dist_client_c8461bdc._.js:10116
[   87753ms] [ERROR] WebSocket connection to 'ws://localhost:3000/_next/webpack-hmr?id=uznBj8_6R-qZ57shKEOPq' failed: Error in connection establishment: net::ERR_CONNECTION_REFUSED @ http://localhost:3000/_next/static/chunks/02e2d_next_dist_client_c8461bdc._.js:10116
[   95125ms] [ERROR] WebSocket connection to 'ws://localhost:3000/_next/webpack-hmr?id=uznBj8_6R-qZ57shKEOPq' failed: Error in connection establishment: net::ERR_CONNECTION_REFUSED @ http://localhost:3000/_next/static/chunks/02e2d_next_dist_client_c8461bdc._.js:10116
[  102481ms] [ERROR] WebSocket connection to 'ws://localhost:3000/_next/webpack-hmr?id=uznBj8_6R-qZ57shKEOPq' failed: Error in connection establishment: net::ERR_CONNECTION_REFUSED @ http://localhost:3000/_next/static/chunks/02e2d_next_dist_client_c8461bdc._.js:10116
[  109846ms] [ERROR] WebSocket connection to 'ws://localhost:3000/_next/webpack-hmr?id=uznBj8_6R-qZ57shKEOPq' failed: Error in connection establishment: net::ERR_CONNECTION_REFUSED @ http://localhost:3000/_next/static/chunks/02e2d_next_dist_client_c8461bdc._.js:10116
[  117221ms] [ERROR] WebSocket connection to 'ws://localhost:3000/_next/webpack-hmr?id=uznBj8_6R-qZ57shKEOPq' failed: Error in connection establishment: net::ERR_CONNECTION_REFUSED @ http://localhost:3000/_next/static/chunks/02e2d_next_dist_client_c8461bdc._.js:10116
[  123523ms] [ERROR] Failed to load resource: net::ERR_CONNECTION_REFUSED @ http://localhost:3000/api/markers/map:0
[  124596ms] [ERROR] WebSocket connection to 'ws://localhost:3000/_next/webpack-hmr?id=uznBj8_6R-qZ57shKEOPq' failed: Error in connection establishment: net::ERR_CONNECTION_REFUSED @ http://localhost:3000/_next/static/chunks/02e2d_next_dist_client_c8461bdc._.js:10116
